1655948108100	geckodriver	INFO	Listening on 127.0.0.1:52379
1655948108603	mozrunner::runner	INFO	Running command: "/usr/bin/firefox" "--marionette" "--remote-debugging-port" "57727" "--remote-allow-hosts" "localhost" "-no-remote" "-profile" "/tmp/rust_mozprofileAqgdtT"
ATTENTION: default value of option mesa_glthread overridden by environment.
ATTENTION: default value of option mesa_glthread overridden by environment.
ATTENTION: default value of option mesa_glthread overridden by environment.
ATTENTION: default value of option mesa_glthread overridden by environment.
1655948109937	Marionette	INFO	Marionette enabled
WebDriver BiDi listening on ws://localhost:57727
console.warn: SearchSettings: "get: No settings file exists, new profile?" (new NotFoundError("Could not open the file at /tmp/rust_mozprofileAqgdtT/search.json.mozlz4", (void 0)))
1655948111816	Marionette	INFO	Listening on port 34465
DevTools listening on ws://localhost:57727/devtools/browser/db4f458f-22fc-4a01-9b8c-0e0264d55f83
Read port: 34465
1655948111936	RemoteAgent	WARN	TLS certificate errors will be ignored for this session
1655948121899	Marionette	INFO	Stopped listening on port 34465
console.warn: TopSitesFeed: Failed to fetch data from Contile server: NetworkError when attempting to fetch resource.

###!!! [Parent][PImageBridgeParent] Error: RunMessage(msgname=PImageBridge::Msg_WillClose) Channel closing: too late to send/recv, messages will be lost

1655948182375	geckodriver	INFO	Listening on 127.0.0.1:60491
1655948182383	mozrunner::runner	INFO	Running command: "/usr/bin/firefox" "--marionette" "--remote-debugging-port" "52505" "--remote-allow-hosts" "localhost" "-no-remote" "-profile" "/tmp/rust_mozprofile78A9Q5"
ATTENTION: default value of option mesa_glthread overridden by environment.
ATTENTION: default value of option mesa_glthread overridden by environment.
ATTENTION: default value of option mesa_glthread overridden by environment.
ATTENTION: default value of option mesa_glthread overridden by environment.
1655948183587	Marionette	INFO	Marionette enabled
WebDriver BiDi listening on ws://localhost:52505
console.warn: SearchSettings: "get: No settings file exists, new profile?" (new NotFoundError("Could not open the file at /tmp/rust_mozprofile78A9Q5/search.json.mozlz4", (void 0)))
1655948185911	Marionette	INFO	Listening on port 44147
Read port: 44147
DevTools listening on ws://localhost:52505/devtools/browser/a9e9f73f-33bb-429b-9c73-91dda12de407
1655948186016	RemoteAgent	WARN	TLS certificate errors will be ignored for this session
1655948193906	Marionette	INFO	Stopped listening on port 44147
console.warn: TopSitesFeed: Failed to fetch data from Contile server: NetworkError when attempting to fetch resource.

###!!! [Parent][PImageBridgeParent] Error: RunMessage(msgname=PImageBridge::Msg_WillClose) Channel closing: too late to send/recv, messages will be lost

